build/app/intermediates/manifest_merge_blame_file/debug/manifest-merger-blame-debug-report.txt
1<?xml version="1.0" encoding="utf-8"?>
2<manifest xmlns:android="http://schemas.android.com/apk/res/android"
3    package="com.example.tempbit"
4    android:versionCode="1"
5    android:versionName="1.0.0" >
6
7    <uses-sdk
8        android:minSdkVersion="21"
9        android:targetSdkVersion="30" />
10    <!--
11         Flutter needs it to communicate with the running application
12         to allow setting breakpoints, to provide hot reload, etc.
13    -->
14    <uses-permission android:name="android.permission.INTERNET" />
14-->src/debug/AndroidManifest.xml:6:5-66
14-->src/debug/AndroidManifest.xml:6:22-64
15    <uses-permission android:name="android.permission.CAMERA" />
15-->src/main/AndroidManifest.xml:4:4-64
15-->src/main/AndroidManifest.xml:4:21-61
16
17    <queries>
17-->[:flutter_inappwebview] AndroidManifest.xml:7:5-11:15
18        <intent>
18-->[:flutter_inappwebview] AndroidManifest.xml:8:9-10:18
19            <action android:name="android.support.customtabs.action.CustomTabsService" />
19-->[:flutter_inappwebview] AndroidManifest.xml:9:13-90
19-->[:flutter_inappwebview] AndroidManifest.xml:9:21-87
20        </intent>
21    </queries>
22
23    <uses-permission android:name="android.permission.VIBRATE" /> <!-- Don't require camera, as this requires a rear camera. This allows it to work on the Nexus 7 -->
23-->[:scan] AndroidManifest.xml:11:5-66
23-->[:scan] AndroidManifest.xml:11:22-63
24    <uses-feature
24-->[com.journeyapps:zxing-android-embedded:4.3.0] AndroidManifest.xml:25:5-27:36
25        android:name="android.hardware.camera"
25-->[com.journeyapps:zxing-android-embedded:4.3.0] AndroidManifest.xml:26:9-47
26        android:required="false" />
26-->[com.journeyapps:zxing-android-embedded:4.3.0] AndroidManifest.xml:27:9-33
27    <uses-feature
27-->[com.journeyapps:zxing-android-embedded:4.3.0] AndroidManifest.xml:28:5-30:36
28        android:name="android.hardware.camera.front"
28-->[com.journeyapps:zxing-android-embedded:4.3.0] AndroidManifest.xml:29:9-53
29        android:required="false" /> <!-- TODO replace above two with next line after Android 4.2 -->
29-->[com.journeyapps:zxing-android-embedded:4.3.0] AndroidManifest.xml:30:9-33
30    <!-- <uses-feature android:name="android.hardware.camera.any"/> -->
31    <uses-feature
31-->[com.journeyapps:zxing-android-embedded:4.3.0] AndroidManifest.xml:33:5-35:36
32        android:name="android.hardware.camera.autofocus"
32-->[com.journeyapps:zxing-android-embedded:4.3.0] AndroidManifest.xml:34:9-57
33        android:required="false" />
33-->[com.journeyapps:zxing-android-embedded:4.3.0] AndroidManifest.xml:35:9-33
34    <uses-feature
34-->[com.journeyapps:zxing-android-embedded:4.3.0] AndroidManifest.xml:36:5-38:36
35        android:name="android.hardware.camera.flash"
35-->[com.journeyapps:zxing-android-embedded:4.3.0] AndroidManifest.xml:37:9-53
36        android:required="false" />
36-->[com.journeyapps:zxing-android-embedded:4.3.0] AndroidManifest.xml:38:9-33
37    <uses-feature
37-->[com.journeyapps:zxing-android-embedded:4.3.0] AndroidManifest.xml:39:5-41:36
38        android:name="android.hardware.screen.landscape"
38-->[com.journeyapps:zxing-android-embedded:4.3.0] AndroidManifest.xml:40:9-57
39        android:required="false" />
39-->[com.journeyapps:zxing-android-embedded:4.3.0] AndroidManifest.xml:41:9-33
40    <uses-feature
40-->[com.journeyapps:zxing-android-embedded:4.3.0] AndroidManifest.xml:42:5-44:36
41        android:name="android.hardware.wifi"
41-->[com.journeyapps:zxing-android-embedded:4.3.0] AndroidManifest.xml:43:9-45
42        android:required="false" />
42-->[com.journeyapps:zxing-android-embedded:4.3.0] AndroidManifest.xml:44:9-33
43
44    <application
44-->src/main/AndroidManifest.xml:6:4-43:19
45        android:appComponentFactory="androidx.core.app.CoreComponentFactory"
45-->[androidx.core:core:1.7.0] AndroidManifest.xml:24:18-86
46        android:debuggable="true"
47        android:icon="@mipmap/ic_launcher"
47-->src/main/AndroidManifest.xml:8:9-43
48        android:label="tempbit" >
48-->src/main/AndroidManifest.xml:7:9-32
49        <activity
49-->src/main/AndroidManifest.xml:9:9-37:20
50            android:name="com.example.tempbit.MainActivity"
50-->src/main/AndroidManifest.xml:10:13-41
51            android:configChanges="orientation|keyboardHidden|keyboard|screenSize|smallestScreenSize|locale|layoutDirection|fontScale|screenLayout|density|uiMode"
51-->src/main/AndroidManifest.xml:13:13-163
52            android:hardwareAccelerated="true"
52-->src/main/AndroidManifest.xml:14:13-47
53            android:launchMode="singleTop"
53-->src/main/AndroidManifest.xml:11:13-43
54            android:theme="@style/LaunchTheme"
54-->src/main/AndroidManifest.xml:12:13-47
55            android:windowSoftInputMode="adjustResize" >
55-->src/main/AndroidManifest.xml:15:13-55
56
57            <!--
58                 Specifies an Android theme to apply to this Activity as soon as
59                 the Android process has started. This theme is visible to the user
60                 while the Flutter UI initializes. After that, this theme continues
61                 to determine the Window background behind the Flutter UI.
62            -->
63            <meta-data
63-->src/main/AndroidManifest.xml:20:13-23:17
64                android:name="io.flutter.embedding.android.NormalTheme"
64-->src/main/AndroidManifest.xml:21:15-70
65                android:resource="@style/NormalTheme" />
65-->src/main/AndroidManifest.xml:22:15-52
66            <!--
67                 Displays an Android View that continues showing the launch screen
68                 Drawable until Flutter paints its first frame, then this splash
69                 screen fades out. A splash screen is useful to avoid any visual
70                 gap between the end of Android's launch screen and the painting of
71                 Flutter's first frame.
72            -->
73            <meta-data
73-->src/main/AndroidManifest.xml:29:13-32:17
74                android:name="io.flutter.embedding.android.SplashScreenDrawable"
74-->src/main/AndroidManifest.xml:30:15-79
75                android:resource="@drawable/launch_background" />
75-->src/main/AndroidManifest.xml:31:15-61
76
77            <intent-filter>
77-->src/main/AndroidManifest.xml:33:13-36:29
78                <action android:name="android.intent.action.MAIN" />
78-->src/main/AndroidManifest.xml:34:17-68
78-->src/main/AndroidManifest.xml:34:25-66
79
80                <category android:name="android.intent.category.LAUNCHER" />
80-->src/main/AndroidManifest.xml:35:17-76
80-->src/main/AndroidManifest.xml:35:27-74
81            </intent-filter>
82        </activity>
83        <!--
84             Don't delete the meta-data below.
85             This is used by the Flutter tool to generate GeneratedPluginRegistrant.java
86        -->
87        <meta-data
87-->src/main/AndroidManifest.xml:40:9-42:33
88            android:name="flutterEmbedding"
88-->src/main/AndroidManifest.xml:41:13-44
89            android:value="2" />
89-->src/main/AndroidManifest.xml:42:13-30
90
91        <activity
91-->[:flutter_inappwebview] AndroidManifest.xml:14:9-18:47
92            android:name="com.pichillilorenzo.flutter_inappwebview.in_app_browser.InAppBrowserActivity"
92-->[:flutter_inappwebview] AndroidManifest.xml:15:13-104
93            android:configChanges="orientation|keyboardHidden|keyboard|screenSize|locale|layoutDirection|fontScale|screenLayout|density"
93-->[:flutter_inappwebview] AndroidManifest.xml:16:13-137
94            android:exported="true"
94-->[:flutter_inappwebview] AndroidManifest.xml:17:13-36
95            android:theme="@style/AppTheme" />
95-->[:flutter_inappwebview] AndroidManifest.xml:18:13-44
96        <activity
96-->[:flutter_inappwebview] AndroidManifest.xml:19:9-22:55
97            android:name="com.pichillilorenzo.flutter_inappwebview.chrome_custom_tabs.ChromeCustomTabsActivity"
97-->[:flutter_inappwebview] AndroidManifest.xml:20:13-112
98            android:exported="true"
98-->[:flutter_inappwebview] AndroidManifest.xml:21:13-36
99            android:theme="@style/ThemeTransparent" />
99-->[:flutter_inappwebview] AndroidManifest.xml:22:13-52
100        <activity
100-->[:flutter_inappwebview] AndroidManifest.xml:23:9-26:55
101            android:name="com.pichillilorenzo.flutter_inappwebview.chrome_custom_tabs.TrustedWebActivity"
101-->[:flutter_inappwebview] AndroidManifest.xml:24:13-106
102            android:exported="true"
102-->[:flutter_inappwebview] AndroidManifest.xml:25:13-36
103            android:theme="@style/ThemeTransparent" />
103-->[:flutter_inappwebview] AndroidManifest.xml:26:13-52
104        <activity
104-->[:flutter_inappwebview] AndroidManifest.xml:27:9-31:55
105            android:name="com.pichillilorenzo.flutter_inappwebview.chrome_custom_tabs.ChromeCustomTabsActivitySingleInstance"
105-->[:flutter_inappwebview] AndroidManifest.xml:28:13-126
106            android:exported="true"
106-->[:flutter_inappwebview] AndroidManifest.xml:29:13-36
107            android:launchMode="singleInstance"
107-->[:flutter_inappwebview] AndroidManifest.xml:30:13-48
108            android:theme="@style/ThemeTransparent" />
108-->[:flutter_inappwebview] AndroidManifest.xml:31:13-52
109        <activity
109-->[:flutter_inappwebview] AndroidManifest.xml:32:9-36:55
110            android:name="com.pichillilorenzo.flutter_inappwebview.chrome_custom_tabs.TrustedWebActivitySingleInstance"
110-->[:flutter_inappwebview] AndroidManifest.xml:33:13-120
111            android:exported="true"
111-->[:flutter_inappwebview] AndroidManifest.xml:34:13-36
112            android:launchMode="singleInstance"
112-->[:flutter_inappwebview] AndroidManifest.xml:35:13-48
113            android:theme="@style/ThemeTransparent" />
113-->[:flutter_inappwebview] AndroidManifest.xml:36:13-52
114
115        <receiver
115-->[:flutter_inappwebview] AndroidManifest.xml:38:9-41:40
116            android:name="com.pichillilorenzo.flutter_inappwebview.chrome_custom_tabs.ActionBroadcastReceiver"
116-->[:flutter_inappwebview] AndroidManifest.xml:39:13-111
117            android:enabled="true"
117-->[:flutter_inappwebview] AndroidManifest.xml:40:13-35
118            android:exported="false" />
118-->[:flutter_inappwebview] AndroidManifest.xml:41:13-37
119
120        <meta-data
120-->[:flutter_inappwebview] AndroidManifest.xml:43:9-45:36
121            android:name="io.flutter.embedded_views_preview"
121-->[:flutter_inappwebview] AndroidManifest.xml:44:13-61
122            android:value="true" />
122-->[:flutter_inappwebview] AndroidManifest.xml:45:13-33
123
124        <uses-library
124-->[androidx.window:window:1.0.0-beta04] AndroidManifest.xml:25:9-27:40
125            android:name="androidx.window.extensions"
125-->[androidx.window:window:1.0.0-beta04] AndroidManifest.xml:26:13-54
126            android:required="false" />
126-->[androidx.window:window:1.0.0-beta04] AndroidManifest.xml:27:13-37
127        <uses-library
127-->[androidx.window:window:1.0.0-beta04] AndroidManifest.xml:28:9-30:40
128            android:name="androidx.window.sidecar"
128-->[androidx.window:window:1.0.0-beta04] AndroidManifest.xml:29:13-51
129            android:required="false" />
129-->[androidx.window:window:1.0.0-beta04] AndroidManifest.xml:30:13-37
130
131        <activity
131-->[com.journeyapps:zxing-android-embedded:4.3.0] AndroidManifest.xml:47:9-53:63
132            android:name="com.journeyapps.barcodescanner.CaptureActivity"
132-->[com.journeyapps:zxing-android-embedded:4.3.0] AndroidManifest.xml:48:13-74
133            android:clearTaskOnLaunch="true"
133-->[com.journeyapps:zxing-android-embedded:4.3.0] AndroidManifest.xml:49:13-45
134            android:screenOrientation="sensorLandscape"
134-->[com.journeyapps:zxing-android-embedded:4.3.0] AndroidManifest.xml:50:13-56
135            android:stateNotNeeded="true"
135-->[com.journeyapps:zxing-android-embedded:4.3.0] AndroidManifest.xml:51:13-42
136            android:theme="@style/zxing_CaptureTheme"
136-->[com.journeyapps:zxing-android-embedded:4.3.0] AndroidManifest.xml:52:13-54
137            android:windowSoftInputMode="stateAlwaysHidden" />
137-->[com.journeyapps:zxing-android-embedded:4.3.0] AndroidManifest.xml:53:13-60
138
139        <meta-data
139-->[com.huawei.hms:scanplus:2.1.0.300] AndroidManifest.xml:14:9-16:40
140            android:name="huawei_module_scankit_local"
140-->[com.huawei.hms:scanplus:2.1.0.300] AndroidManifest.xml:15:13-55
141            android:value="20100300" />
141-->[com.huawei.hms:scanplus:2.1.0.300] AndroidManifest.xml:16:13-37
142        <meta-data
142-->[com.huawei.hms:scanplus:2.1.0.300] AndroidManifest.xml:17:9-19:50
143            android:name="huawei_module_scankit_sdk_version"
143-->[com.huawei.hms:scanplus:2.1.0.300] AndroidManifest.xml:18:13-61
144            android:value="scanplus:2.1.0.300" />
144-->[com.huawei.hms:scanplus:2.1.0.300] AndroidManifest.xml:19:13-47
145        <meta-data
145-->[com.huawei.hms:scanplus:2.1.0.300] AndroidManifest.xml:20:9-22:50
146            android:name="com.huawei.hms.client.service.name:scanplus"
146-->[com.huawei.hms:scanplus:2.1.0.300] AndroidManifest.xml:21:13-71
147            android:value="scanplus:2.1.0.300" />
147-->[com.huawei.hms:scanplus:2.1.0.300] AndroidManifest.xml:22:13-47
148        <meta-data
148-->[com.huawei.hms:scanplus:2.1.0.300] AndroidManifest.xml:23:9-25:33
149            android:name="com.huawei.hms.min_api_level:scanplus:huawei_module_scankit"
149-->[com.huawei.hms:scanplus:2.1.0.300] AndroidManifest.xml:24:13-87
150            android:value="1" />
150-->[com.huawei.hms:scanplus:2.1.0.300] AndroidManifest.xml:25:13-30
151        <meta-data
151-->[com.huawei.hms:scanplus:2.1.0.300] AndroidManifest.xml:26:9-28:33
152            android:name="com.huawei.hms.min_api_level:scanplus:hmscore"
152-->[com.huawei.hms:scanplus:2.1.0.300] AndroidManifest.xml:27:13-73
153            android:value="1" />
153-->[com.huawei.hms:scanplus:2.1.0.300] AndroidManifest.xml:28:13-30
154
155        <activity android:name="com.huawei.hms.hmsscankit.ScanKitActivity" />
155-->[com.huawei.hms:scanplus:2.1.0.300] AndroidManifest.xml:30:9-78
155-->[com.huawei.hms:scanplus:2.1.0.300] AndroidManifest.xml:30:19-75
156
157        <provider
157-->[androidx.emoji2:emoji2:1.0.0] AndroidManifest.xml:26:9-34:20
158            android:name="androidx.startup.InitializationProvider"
158-->[androidx.emoji2:emoji2:1.0.0] AndroidManifest.xml:27:13-67
159            android:authorities="com.example.tempbit.androidx-startup"
159-->[androidx.emoji2:emoji2:1.0.0] AndroidManifest.xml:28:13-68
160            android:exported="false" >
160-->[androidx.emoji2:emoji2:1.0.0] AndroidManifest.xml:29:13-37
161            <meta-data
161-->[androidx.emoji2:emoji2:1.0.0] AndroidManifest.xml:31:13-33:52
162                android:name="androidx.emoji2.text.EmojiCompatInitializer"
162-->[androidx.emoji2:emoji2:1.0.0] AndroidManifest.xml:32:17-75
163                android:value="androidx.startup" />
163-->[androidx.emoji2:emoji2:1.0.0] AndroidManifest.xml:33:17-49
164            <meta-data
164-->[androidx.lifecycle:lifecycle-process:2.4.0] AndroidManifest.xml:31:13-33:52
165                android:name="androidx.lifecycle.ProcessLifecycleInitializer"
165-->[androidx.lifecycle:lifecycle-process:2.4.0] AndroidManifest.xml:32:17-78
166                android:value="androidx.startup" />
166-->[androidx.lifecycle:lifecycle-process:2.4.0] AndroidManifest.xml:33:17-49
167        </provider>
168
169        <uses-library
169-->[com.huawei.android.hms:security-ssl:1.1.5.301] AndroidManifest.xml:10:9-12:40
170            android:name="org.apache.http.legacy"
170-->[com.huawei.android.hms:security-ssl:1.1.5.301] AndroidManifest.xml:11:13-50
171            android:required="false" />
171-->[com.huawei.android.hms:security-ssl:1.1.5.301] AndroidManifest.xml:12:13-37
172
173        <meta-data
173-->[com.huawei.hms:dynamic-api:1.0.13.303] AndroidManifest.xml:12:9-14:54
174            android:name="com.huawei.hms.client.service.name:dynamic-api"
174-->[com.huawei.hms:dynamic-api:1.0.13.303] AndroidManifest.xml:13:13-74
175            android:value="dynamic-api:1.0.13.303" />
175-->[com.huawei.hms:dynamic-api:1.0.13.303] AndroidManifest.xml:14:13-51
176        <meta-data
176-->[com.huawei.hms:dynamic-api:1.0.13.303] AndroidManifest.xml:15:9-17:33
177            android:name="com.huawei.hms.min_api_level:dynamic-api:huawei_module_dynamicloader"
177-->[com.huawei.hms:dynamic-api:1.0.13.303] AndroidManifest.xml:16:13-96
178            android:value="2" />
178-->[com.huawei.hms:dynamic-api:1.0.13.303] AndroidManifest.xml:17:13-30
179
180        <provider
180-->[com.huawei.hms:ml-computer-sdkbase-inner:2.0.5.304] AndroidManifest.xml:13:9-16:40
181            android:name="com.huawei.hms.mlsdk.common.provider.MLInitializerProvider"
181-->[com.huawei.hms:ml-computer-sdkbase-inner:2.0.5.304] AndroidManifest.xml:14:13-86
182            android:authorities="com.example.tempbit.MLInitializerProvider"
182-->[com.huawei.hms:ml-computer-sdkbase-inner:2.0.5.304] AndroidManifest.xml:15:13-73
183            android:exported="false" />
183-->[com.huawei.hms:ml-computer-sdkbase-inner:2.0.5.304] AndroidManifest.xml:16:13-37
184        <provider
184-->[com.huawei.agconnect:agconnect-core:1.4.0.300] AndroidManifest.xml:11:9-14:40
185            android:name="com.huawei.agconnect.core.provider.AGConnectInitializeProvider"
185-->[com.huawei.agconnect:agconnect-core:1.4.0.300] AndroidManifest.xml:12:13-90
186            android:authorities="com.example.tempbit.AGCInitializeProvider"
186-->[com.huawei.agconnect:agconnect-core:1.4.0.300] AndroidManifest.xml:13:13-73
187            android:exported="false" />
187-->[com.huawei.agconnect:agconnect-core:1.4.0.300] AndroidManifest.xml:14:13-37
188
189        <service
189-->[com.huawei.agconnect:agconnect-core:1.4.0.300] AndroidManifest.xml:16:9-18:40
190            android:name="com.huawei.agconnect.core.ServiceDiscovery"
190-->[com.huawei.agconnect:agconnect-core:1.4.0.300] AndroidManifest.xml:17:13-70
191            android:exported="false" />
191-->[com.huawei.agconnect:agconnect-core:1.4.0.300] AndroidManifest.xml:18:13-37
192    </application>
193
194</manifest>